> Task :compileJava FAILED

FAILURE: Build failed with an exception.

* What went wrong:
Execution failed for task ':compileJava'.
> Could not resolve all files for configuration ':compileClasspath'.
   > Could not resolve com.dfsek.terra:minestom:6.6.0-BETA+810d10ac0.
     Required by:
         project :
      > Could not resolve com.dfsek.terra:minestom:6.6.0-BETA+810d10ac0.
         > Could not get resource 'https://repo.minestompvp.com/repository/maven-public/com/dfsek/terra/minestom/6.6.0-BETA+810d10ac0/minestom-6.6.0-BETA+810d10ac0.pom'.
            > Could not HEAD 'https://repo.minestompvp.com/repository/maven-public/com/dfsek/terra/minestom/6.6.0-BETA+810d10ac0/minestom-6.6.0-BETA+810d10ac0.pom'.
               > No such host is known (repo.minestompvp.com)

* Try:
> Run with --stacktrace option to get the stack trace.
> Run with --info or --debug option to get more log output.
> Run with --scan to get full insights.
> Get more help at https://help.gradle.org.

BUILD FAILED in 3s
1 actionable task: 1 executed
