> Task :compileJava FAILED

FAILURE: Build failed with an exception.

* What went wrong:
Execution failed for task ':compileJava'.
> Could not resolve all files for configuration ':compileClasspath'.
   > Could not find net.minestom:minestom:1.21.1-SNAPSHOT.
     Searched in the following locations:
       - https://repo.maven.apache.org/maven2/net/minestom/minestom/1.21.1-SNAPSHOT/maven-metadata.xml
       - https://repo.maven.apache.org/maven2/net/minestom/minestom/1.21.1-SNAPSHOT/minestom-1.21.1-SNAPSHOT.pom
       - https://repo.codemc.io/repository/maven-public/net/minestom/minestom/1.21.1-SNAPSHOT/maven-metadata.xml
       - https://repo.codemc.io/repository/maven-public/net/minestom/minestom/1.21.1-SNAPSHOT/minestom-1.21.1-SNAPSHOT.pom
       - https://mvn.everbuild.org/public/net/minestom/minestom/1.21.1-SNAPSHOT/maven-metadata.xml
       - https://mvn.everbuild.org/public/net/minestom/minestom/1.21.1-SNAPSHOT/minestom-1.21.1-SNAPSHOT.pom
       - https://oss.sonatype.org/content/repositories/snapshots/net/minestom/minestom/1.21.1-SNAPSHOT/maven-metadata.xml
       - https://oss.sonatype.org/content/repositories/snapshots/net/minestom/minestom/1.21.1-SNAPSHOT/minestom-1.21.1-SNAPSHOT.pom
     Required by:
         project :

* Try:
> Run with --stacktrace option to get the stack trace.
> Run with --info or --debug option to get more log output.
> Run with --scan to get full insights.
> Get more help at https://help.gradle.org.

BUILD FAILED in 3s
1 actionable task: 1 executed
